
>>>>>> A star solutions: naive <<<<<<<<
Solution: 1.ionel
Length: 1
Cost: 0
Time: 5
Max nodes: 1
Total nodes: 1
---------------------------------------------------

>>>>>> A star solutions: admissible1 <<<<<<<<
Solution: 1.ionel
Length: 1
Cost: 0
Time: 20
Max nodes: 1
Total nodes: 1
---------------------------------------------------

>>>>>> A star solutions: admissible2 <<<<<<<<
Solution: 1.ionel
Length: 1
Cost: 0
Time: 35
Max nodes: 1
Total nodes: 1
---------------------------------------------------

>>>>>> A star solutions: inadmissible <<<<<<<<
Solution: 1.ionel
Length: 1
Cost: 0
Time: 50
Max nodes: 1
Total nodes: 1
---------------------------------------------------
