
>>>>>> A star solutions: naive <<<<<<<<
Solution: 1.ionel > 2.alina v 3.diana v 4.costin v 5.simona v 6.razvan v 7.andrei >> 8.oana ^ 9.radu > 10.patricia v 11.victor v 12.nicoleta >> 13.maria > 14.gabi ^ 15.dorel ^ 16.elena < 17.gigel ^ 18.tamara > 19.dragos
Length: 19
Cost: 15
Time: 6903
Max nodes: 28
Total nodes: 190
---------------------------------------------------
Solution: 1.ionel > 2.alina v 3.diana v 4.costin v 5.simona < 6.luiza v 7.mihnea > 8.razvan v 9.andrei >> 10.oana ^ 11.radu > 12.patricia v 13.victor v 14.nicoleta >> 15.maria > 16.gabi ^ 17.dorel ^ 18.elena < 19.gigel ^ 20.tamara > 21.dragos
Length: 21
Cost: 15
Time: 6903
Max nodes: 14
Total nodes: 193
---------------------------------------------------
Solution: 1.ionel > 2.alina v 3.diana v 4.costin v 5.simona v 6.razvan v 7.andrei >> 8.oana ^ 9.radu ^ 10.dana > 11.cristian v 12.patricia v 13.victor v 14.nicoleta >> 15.maria > 16.gabi ^ 17.dorel ^ 18.elena < 19.gigel ^ 20.tamara > 21.dragos
Length: 21
Cost: 17
Time: 6903
Max nodes: 21
Total nodes: 234
---------------------------------------------------
Solution: 1.ionel > 2.alina v 3.diana v 4.costin v 5.simona < 6.luiza v 7.mihnea > 8.razvan v 9.andrei >> 10.oana ^ 11.radu ^ 12.dana > 13.cristian v 14.patricia v 15.victor v 16.nicoleta >> 17.maria > 18.gabi ^ 19.dorel ^ 20.elena < 21.gigel ^ 22.tamara > 23.dragos
Length: 23
Cost: 17
Time: 6903
Max nodes: 22
Total nodes: 237
---------------------------------------------------

>>>>>> A star solutions: admissible1 <<<<<<<<
Solution: 1.ionel > 2.alina v 3.diana v 4.costin v 5.simona v 6.razvan v 7.andrei >> 8.oana ^ 9.radu > 10.patricia v 11.victor v 12.nicoleta >> 13.maria > 14.gabi ^ 15.dorel ^ 16.elena < 17.gigel ^ 18.tamara > 19.dragos
Length: 19
Cost: 15
Time: 6920
Max nodes: 28
Total nodes: 190
---------------------------------------------------
Solution: 1.ionel > 2.alina v 3.diana v 4.costin v 5.simona < 6.luiza v 7.mihnea > 8.razvan v 9.andrei >> 10.oana ^ 11.radu > 12.patricia v 13.victor v 14.nicoleta >> 15.maria > 16.gabi ^ 17.dorel ^ 18.elena < 19.gigel ^ 20.tamara > 21.dragos
Length: 21
Cost: 15
Time: 6921
Max nodes: 14
Total nodes: 193
---------------------------------------------------
Solution: 1.ionel > 2.alina v 3.diana v 4.costin v 5.simona v 6.razvan v 7.andrei >> 8.oana ^ 9.radu ^ 10.dana > 11.cristian v 12.patricia v 13.victor v 14.nicoleta >> 15.maria > 16.gabi ^ 17.dorel ^ 18.elena < 19.gigel ^ 20.tamara > 21.dragos
Length: 21
Cost: 17
Time: 6921
Max nodes: 21
Total nodes: 234
---------------------------------------------------
Solution: 1.ionel > 2.alina v 3.diana v 4.costin v 5.simona < 6.luiza v 7.mihnea > 8.razvan v 9.andrei >> 10.oana ^ 11.radu ^ 12.dana > 13.cristian v 14.patricia v 15.victor v 16.nicoleta >> 17.maria > 18.gabi ^ 19.dorel ^ 20.elena < 21.gigel ^ 22.tamara > 23.dragos
Length: 23
Cost: 17
Time: 6922
Max nodes: 22
Total nodes: 237
---------------------------------------------------

>>>>>> A star solutions: admissible2 <<<<<<<<
Solution: 1.ionel > 2.alina v 3.diana v 4.costin v 5.simona v 6.razvan v 7.andrei >> 8.oana ^ 9.radu > 10.patricia v 11.victor v 12.nicoleta >> 13.maria > 14.gabi ^ 15.dorel ^ 16.elena < 17.gigel ^ 18.tamara > 19.dragos
Length: 19
Cost: 15
Time: 6940
Max nodes: 28
Total nodes: 190
---------------------------------------------------
Solution: 1.ionel > 2.alina v 3.diana v 4.costin v 5.simona < 6.luiza v 7.mihnea > 8.razvan v 9.andrei >> 10.oana ^ 11.radu > 12.patricia v 13.victor v 14.nicoleta >> 15.maria > 16.gabi ^ 17.dorel ^ 18.elena < 19.gigel ^ 20.tamara > 21.dragos
Length: 21
Cost: 15
Time: 6940
Max nodes: 14
Total nodes: 193
---------------------------------------------------
Solution: 1.ionel > 2.alina v 3.diana v 4.costin v 5.simona v 6.razvan v 7.andrei >> 8.oana ^ 9.radu ^ 10.dana > 11.cristian v 12.patricia v 13.victor v 14.nicoleta >> 15.maria > 16.gabi ^ 17.dorel ^ 18.elena < 19.gigel ^ 20.tamara > 21.dragos
Length: 21
Cost: 17
Time: 6941
Max nodes: 21
Total nodes: 234
---------------------------------------------------
Solution: 1.ionel > 2.alina v 3.diana v 4.costin v 5.simona < 6.luiza v 7.mihnea > 8.razvan v 9.andrei >> 10.oana ^ 11.radu ^ 12.dana > 13.cristian v 14.patricia v 15.victor v 16.nicoleta >> 17.maria > 18.gabi ^ 19.dorel ^ 20.elena < 21.gigel ^ 22.tamara > 23.dragos
Length: 23
Cost: 17
Time: 6941
Max nodes: 22
Total nodes: 237
---------------------------------------------------

>>>>>> A star solutions: inadmissible <<<<<<<<
Solution: 1.ionel > 2.alina v 3.diana v 4.costin v 5.simona < 6.luiza v 7.mihnea > 8.razvan v 9.andrei >> 10.oana ^ 11.radu > 12.patricia v 13.victor v 14.nicoleta >> 15.maria > 16.gabi ^ 17.dorel ^ 18.elena < 19.gigel ^ 20.tamara > 21.dragos
Length: 21
Cost: 15
Time: 6959
Max nodes: 17
Total nodes: 176
---------------------------------------------------
Solution: 1.ionel > 2.alina v 3.diana v 4.costin v 5.simona < 6.luiza v 7.mihnea > 8.razvan v 9.andrei >> 10.oana ^ 11.radu > 12.patricia v 13.victor v 14.nicoleta >> 15.maria > 16.gabi ^ 17.dorel ^ 18.elena < 19.gigel ^ 20.tamara ^ 21.dora > 22.marin v 23.dragos
Length: 23
Cost: 17
Time: 6959
Max nodes: 16
Total nodes: 188
---------------------------------------------------
Solution: 1.ionel > 2.alina v 3.diana v 4.costin v 5.simona < 6.luiza v 7.mihnea > 8.razvan v 9.andrei >> 10.oana ^ 11.radu > 12.patricia v 13.victor v 14.nicoleta >> 15.maria > 16.gabi ^ 17.dorel ^ 18.elena < 19.gigel ^ 20.tamara ^ 21.dora ^ 22.nadia > 23.mihai v 24.marin v 25.dragos
Length: 25
Cost: 19
Time: 6960
Max nodes: 17
Total nodes: 213
---------------------------------------------------
Solution: 1.ionel > 2.alina v 3.diana v 4.costin v 5.simona < 6.luiza v 7.mihnea > 8.razvan v 9.andrei >> 10.oana ^ 11.radu > 12.patricia v 13.victor v 14.nicoleta >> 15.maria > 16.gabi ^ 17.dorel ^ 18.elena < 19.gigel ^ 20.tamara ^ 21.dora ^ 22.nadia ^ 23.carmen > 24.monica v 25.mihai v 26.marin v 27.dragos
Length: 27
Cost: 21
Time: 6960
Max nodes: 13
Total nodes: 214
---------------------------------------------------
