
>>>>>> A star optimised solutions: naive <<<<<<<<
Solution: 1.ionel > 2.alina v 3.diana v 4.costin v 5.simona < 6.luiza v 7.mihnea > 8.razvan v 9.andrei v 10.alex < 11.viorel v 12.jonah > 13.bennett v 14.gardner < 15.minahil v 16.terri > 17.olson >> 18.macey > 19.mcknight v 20.thatcher >> 21.bertha > 22.reyes ^ 23.singh < 24.yassin ^ 25.trystan ^ 26.jon ^ 27.maria > 28.gabi ^ 29.dorel < 30.pepega ^ 31.gigel > 32.elena
Length: 32
Cost: 20
Time: 2071
Max nodes: 5
Total nodes: 73
---------------------------------------------------

>>>>>> A star optimised solutions: admissible1 <<<<<<<<
Solution: 1.ionel > 2.alina v 3.diana v 4.costin v 5.simona < 6.luiza v 7.mihnea > 8.razvan v 9.andrei v 10.alex < 11.viorel v 12.jonah > 13.bennett v 14.gardner < 15.minahil v 16.terri > 17.olson >> 18.macey > 19.mcknight v 20.thatcher >> 21.bertha > 22.reyes ^ 23.singh < 24.yassin ^ 25.trystan ^ 26.jon ^ 27.maria > 28.gabi ^ 29.dorel < 30.pepega ^ 31.gigel > 32.elena
Length: 32
Cost: 20
Time: 3493
Max nodes: 5
Total nodes: 73
---------------------------------------------------

>>>>>> A star optimised solutions: admissible2 <<<<<<<<
Solution: 1.ionel > 2.alina v 3.diana v 4.costin v 5.simona < 6.luiza v 7.mihnea > 8.razvan v 9.andrei v 10.alex < 11.viorel v 12.jonah > 13.bennett v 14.gardner < 15.minahil v 16.terri > 17.olson >> 18.macey > 19.mcknight v 20.thatcher >> 21.bertha > 22.reyes ^ 23.singh < 24.yassin ^ 25.trystan ^ 26.jon ^ 27.maria > 28.gabi ^ 29.dorel < 30.pepega ^ 31.gigel > 32.elena
Length: 32
Cost: 20
Time: 4953
Max nodes: 5
Total nodes: 73
---------------------------------------------------

>>>>>> A star optimised solutions: inadmissible <<<<<<<<
Solution: 1.ionel > 2.alina v 3.diana v 4.costin v 5.simona < 6.luiza v 7.mihnea > 8.razvan v 9.andrei v 10.alex < 11.viorel v 12.jonah v 13.minahil v 14.terri v 15.maddox > 16.parkinson >> 17.saxon > 18.thatcher >> 19.bertha ^ 20.yassin ^ 21.trystan ^ 22.jon ^ 23.maria ^ 24.pepega ^ 25.gigel > 26.elena
Length: 26
Cost: 20
Time: 5896
Max nodes: 9
Total nodes: 171
---------------------------------------------------
