
>>>>>> A star solutions: naive <<<<<<<<
~~~~~~~~~~~~~~ Timeout exceeded ~~~~~~~~~~~~~~~

>>>>>> A star solutions: admissible1 <<<<<<<<
~~~~~~~~~~~~~~ Timeout exceeded ~~~~~~~~~~~~~~~

>>>>>> A star solutions: admissible2 <<<<<<<<
~~~~~~~~~~~~~~ Timeout exceeded ~~~~~~~~~~~~~~~

>>>>>> A star solutions: inadmissible <<<<<<<<
Solution: 1.ionel > 2.alina v 3.diana v 4.costin v 5.simona < 6.luiza v 7.mihnea > 8.razvan v 9.andrei v 10.alex v 11.bennett < 12.jonah v 13.minahil v 14.terri > 15.olson >> 16.macey > 17.mcknight v 18.thatcher >> 19.bertha ^ 20.yassin ^ 21.trystan ^ 22.jon ^ 23.maria ^ 24.pepega ^ 25.gigel > 26.elena
Length: 26
Cost: 20
Time: 5892
Max nodes: 1111
Total nodes: 15892
---------------------------------------------------
Solution: 1.ionel > 2.alina v 3.diana v 4.costin v 5.simona < 6.luiza v 7.mihnea > 8.razvan v 9.andrei v 10.alex v 11.bennett < 12.jonah v 13.minahil v 14.terri > 15.olson >> 16.macey > 17.mcknight v 18.thatcher >> 19.bertha ^ 20.yassin ^ 21.trystan ^ 22.jon ^ 23.maria ^ 24.pepega > 25.dorel ^ 26.elena
Length: 26
Cost: 20
Time: 5892
Max nodes: 559
Total nodes: 15906
---------------------------------------------------
Solution: 1.ionel > 2.alina v 3.diana v 4.costin v 5.simona < 6.luiza v 7.mihnea > 8.razvan v 9.andrei v 10.alex v 11.bennett < 12.jonah v 13.minahil v 14.terri > 15.olson >> 16.macey > 17.mcknight v 18.thatcher >> 19.bertha ^ 20.yassin ^ 21.trystan ^ 22.jon ^ 23.maria > 24.gabi ^ 25.dorel ^ 26.elena
Length: 26
Cost: 20
Time: 5892
Max nodes: 562
Total nodes: 15925
---------------------------------------------------
Solution: 1.ionel > 2.alina v 3.diana v 4.costin v 5.simona < 6.luiza v 7.mihnea > 8.razvan v 9.andrei v 10.alex v 11.bennett < 12.jonah v 13.minahil v 14.terri > 15.olson >> 16.macey > 17.mcknight v 18.thatcher >> 19.bertha ^ 20.yassin ^ 21.trystan ^ 22.jon ^ 23.maria > 24.gabi ^ 25.dorel < 26.pepega ^ 27.gigel > 28.elena
Length: 28
Cost: 20
Time: 5892
Max nodes: 565
Total nodes: 15942
---------------------------------------------------
