
>>>>>> IDA solutions: naive <<<<<<<<
Solution: 1.ionel > 2.alina v 3.diana v 4.costin v 5.simona < 6.luiza v 7.mihnea > 8.razvan v 9.andrei v 10.alex < 11.viorel v 12.jonah > 13.bennett v 14.gardner < 15.minahil v 16.terri > 17.olson >> 18.macey > 19.mcknight v 20.thatcher >> 21.bertha > 22.reyes ^ 23.singh < 24.yassin ^ 25.trystan ^ 26.jon ^ 27.maria > 28.gabi ^ 29.dorel < 30.pepega ^ 31.gigel > 32.elena
Length: 32
Cost: 20
Time: 2488
Max nodes: 1
Total nodes: 40689
---------------------------------------------------
Solution: 1.ionel > 2.alina v 3.diana v 4.costin v 5.simona < 6.luiza v 7.mihnea > 8.razvan v 9.andrei v 10.alex < 11.viorel v 12.jonah > 13.bennett v 14.gardner < 15.minahil v 16.terri > 17.olson >> 18.macey > 19.mcknight v 20.thatcher >> 21.bertha > 22.reyes ^ 23.singh < 24.yassin ^ 25.trystan ^ 26.jon ^ 27.maria > 28.gabi ^ 29.dorel ^ 30.elena
Length: 30
Cost: 20
Time: 2488
Max nodes: 3
Total nodes: 40692
---------------------------------------------------
Solution: 1.ionel > 2.alina v 3.diana v 4.costin v 5.simona < 6.luiza v 7.mihnea > 8.razvan v 9.andrei v 10.alex < 11.viorel v 12.jonah > 13.bennett v 14.gardner < 15.minahil v 16.terri > 17.olson >> 18.macey > 19.mcknight v 20.thatcher >> 21.bertha > 22.reyes ^ 23.singh < 24.yassin ^ 25.trystan ^ 26.jon ^ 27.maria ^ 28.pepega > 29.dorel ^ 30.elena
Length: 30
Cost: 20
Time: 2489
Max nodes: 11
Total nodes: 40700
---------------------------------------------------
Solution: 1.ionel > 2.alina v 3.diana v 4.costin v 5.simona < 6.luiza v 7.mihnea > 8.razvan v 9.andrei v 10.alex < 11.viorel v 12.jonah > 13.bennett v 14.gardner < 15.minahil v 16.terri > 17.olson >> 18.macey > 19.mcknight v 20.thatcher >> 21.bertha > 22.reyes ^ 23.singh < 24.yassin ^ 25.trystan ^ 26.jon ^ 27.maria ^ 28.pepega ^ 29.gigel > 30.elena
Length: 30
Cost: 20
Time: 2489
Max nodes: 11
Total nodes: 40704
---------------------------------------------------

>>>>>> IDA solutions: admissible1 <<<<<<<<
Solution: 1.ionel > 2.alina v 3.diana v 4.costin v 5.simona < 6.luiza v 7.mihnea > 8.razvan v 9.andrei v 10.alex < 11.viorel v 12.jonah > 13.bennett v 14.gardner < 15.minahil v 16.terri > 17.olson >> 18.macey > 19.mcknight v 20.thatcher >> 21.bertha > 22.reyes ^ 23.singh < 24.yassin ^ 25.trystan ^ 26.jon ^ 27.maria > 28.gabi ^ 29.dorel < 30.pepega ^ 31.gigel > 32.elena
Length: 32
Cost: 20
Time: 3949
Max nodes: 1
Total nodes: 40689
---------------------------------------------------
Solution: 1.ionel > 2.alina v 3.diana v 4.costin v 5.simona < 6.luiza v 7.mihnea > 8.razvan v 9.andrei v 10.alex < 11.viorel v 12.jonah > 13.bennett v 14.gardner < 15.minahil v 16.terri > 17.olson >> 18.macey > 19.mcknight v 20.thatcher >> 21.bertha > 22.reyes ^ 23.singh < 24.yassin ^ 25.trystan ^ 26.jon ^ 27.maria > 28.gabi ^ 29.dorel ^ 30.elena
Length: 30
Cost: 20
Time: 3949
Max nodes: 3
Total nodes: 40692
---------------------------------------------------
Solution: 1.ionel > 2.alina v 3.diana v 4.costin v 5.simona < 6.luiza v 7.mihnea > 8.razvan v 9.andrei v 10.alex < 11.viorel v 12.jonah > 13.bennett v 14.gardner < 15.minahil v 16.terri > 17.olson >> 18.macey > 19.mcknight v 20.thatcher >> 21.bertha > 22.reyes ^ 23.singh < 24.yassin ^ 25.trystan ^ 26.jon ^ 27.maria ^ 28.pepega > 29.dorel ^ 30.elena
Length: 30
Cost: 20
Time: 3949
Max nodes: 11
Total nodes: 40700
---------------------------------------------------
Solution: 1.ionel > 2.alina v 3.diana v 4.costin v 5.simona < 6.luiza v 7.mihnea > 8.razvan v 9.andrei v 10.alex < 11.viorel v 12.jonah > 13.bennett v 14.gardner < 15.minahil v 16.terri > 17.olson >> 18.macey > 19.mcknight v 20.thatcher >> 21.bertha > 22.reyes ^ 23.singh < 24.yassin ^ 25.trystan ^ 26.jon ^ 27.maria ^ 28.pepega ^ 29.gigel > 30.elena
Length: 30
Cost: 20
Time: 3949
Max nodes: 11
Total nodes: 40704
---------------------------------------------------

>>>>>> IDA solutions: admissible2 <<<<<<<<
Solution: 1.ionel > 2.alina v 3.diana v 4.costin v 5.simona < 6.luiza v 7.mihnea > 8.razvan v 9.andrei v 10.alex < 11.viorel v 12.jonah > 13.bennett v 14.gardner < 15.minahil v 16.terri > 17.olson >> 18.macey > 19.mcknight v 20.thatcher >> 21.bertha > 22.reyes ^ 23.singh < 24.yassin ^ 25.trystan ^ 26.jon ^ 27.maria > 28.gabi ^ 29.dorel < 30.pepega ^ 31.gigel > 32.elena
Length: 32
Cost: 20
Time: 5420
Max nodes: 1
Total nodes: 40689
---------------------------------------------------
Solution: 1.ionel > 2.alina v 3.diana v 4.costin v 5.simona < 6.luiza v 7.mihnea > 8.razvan v 9.andrei v 10.alex < 11.viorel v 12.jonah > 13.bennett v 14.gardner < 15.minahil v 16.terri > 17.olson >> 18.macey > 19.mcknight v 20.thatcher >> 21.bertha > 22.reyes ^ 23.singh < 24.yassin ^ 25.trystan ^ 26.jon ^ 27.maria > 28.gabi ^ 29.dorel ^ 30.elena
Length: 30
Cost: 20
Time: 5420
Max nodes: 3
Total nodes: 40692
---------------------------------------------------
Solution: 1.ionel > 2.alina v 3.diana v 4.costin v 5.simona < 6.luiza v 7.mihnea > 8.razvan v 9.andrei v 10.alex < 11.viorel v 12.jonah > 13.bennett v 14.gardner < 15.minahil v 16.terri > 17.olson >> 18.macey > 19.mcknight v 20.thatcher >> 21.bertha > 22.reyes ^ 23.singh < 24.yassin ^ 25.trystan ^ 26.jon ^ 27.maria ^ 28.pepega > 29.dorel ^ 30.elena
Length: 30
Cost: 20
Time: 5420
Max nodes: 11
Total nodes: 40700
---------------------------------------------------
Solution: 1.ionel > 2.alina v 3.diana v 4.costin v 5.simona < 6.luiza v 7.mihnea > 8.razvan v 9.andrei v 10.alex < 11.viorel v 12.jonah > 13.bennett v 14.gardner < 15.minahil v 16.terri > 17.olson >> 18.macey > 19.mcknight v 20.thatcher >> 21.bertha > 22.reyes ^ 23.singh < 24.yassin ^ 25.trystan ^ 26.jon ^ 27.maria ^ 28.pepega ^ 29.gigel > 30.elena
Length: 30
Cost: 20
Time: 5420
Max nodes: 11
Total nodes: 40704
---------------------------------------------------

>>>>>> IDA solutions: inadmissible <<<<<<<<
~~~~~~~~~~~~~~ Timeout exceeded ~~~~~~~~~~~~~~~
