
>>>>>> IDA solutions: naive <<<<<<<<
Solution: 1.ionel
Length: 1
Cost: 0
Time: 8
Max nodes: 0
Total nodes: 1
---------------------------------------------------

>>>>>> IDA solutions: admissible1 <<<<<<<<
Solution: 1.ionel
Length: 1
Cost: 0
Time: 22
Max nodes: 0
Total nodes: 1
---------------------------------------------------

>>>>>> IDA solutions: admissible2 <<<<<<<<
Solution: 1.ionel
Length: 1
Cost: 0
Time: 36
Max nodes: 0
Total nodes: 1
---------------------------------------------------

>>>>>> IDA solutions: inadmissible <<<<<<<<
Solution: 1.ionel
Length: 1
Cost: 0
Time: 49
Max nodes: 0
Total nodes: 1
---------------------------------------------------
