
>>>>>> A star optimised solutions: naive <<<<<<<<
Solution: 1.ionel > 2.alina < 3.ionel > 4.alina < 5.ionel > 6.alina v 7.diana v 8.costin v 9.simona < 10.luiza v 11.mihnea > 12.razvan v 13.andrei v 14.alex < 15.viorel v 16.jonah > 17.bennett v 18.gardner < 19.minahil v 20.terri > 21.olson >> 22.macey > 23.mcknight v 24.thatcher >> 25.bertha > 26.reyes ^ 27.singh < 28.yassin ^ 29.trystan ^ 30.jon ^ 31.maria > 32.gabi ^ 33.dorel < 34.pepega ^ 35.gigel > 36.elena
Length: 36
Cost: 20
Time: 2065
Max nodes: 5
Total nodes: 77
---------------------------------------------------

>>>>>> A star optimised solutions: admissible1 <<<<<<<<
Solution: 1.ionel > 2.alina < 3.ionel > 4.alina < 5.ionel > 6.alina v 7.diana v 8.costin v 9.simona < 10.luiza v 11.mihnea > 12.razvan v 13.andrei v 14.alex < 15.viorel v 16.jonah > 17.bennett v 18.gardner < 19.minahil v 20.terri > 21.olson >> 22.macey > 23.mcknight v 24.thatcher >> 25.bertha > 26.reyes ^ 27.singh < 28.yassin ^ 29.trystan ^ 30.jon ^ 31.maria > 32.gabi ^ 33.dorel < 34.pepega ^ 35.gigel > 36.elena
Length: 36
Cost: 20
Time: 3474
Max nodes: 5
Total nodes: 77
---------------------------------------------------

>>>>>> A star optimised solutions: admissible2 <<<<<<<<
Solution: 1.ionel > 2.alina < 3.ionel > 4.alina < 5.ionel > 6.alina v 7.diana v 8.costin v 9.simona < 10.luiza v 11.mihnea > 12.razvan v 13.andrei v 14.alex < 15.viorel v 16.jonah > 17.bennett v 18.gardner < 19.minahil v 20.terri > 21.olson >> 22.macey > 23.mcknight v 24.thatcher >> 25.bertha > 26.reyes ^ 27.singh < 28.yassin ^ 29.trystan ^ 30.jon ^ 31.maria > 32.gabi ^ 33.dorel < 34.pepega ^ 35.gigel > 36.elena
Length: 36
Cost: 20
Time: 4907
Max nodes: 5
Total nodes: 77
---------------------------------------------------

>>>>>> A star optimised solutions: inadmissible <<<<<<<<
Solution: 1.ionel > 2.alina < 3.ionel > 4.alina < 5.ionel > 6.alina v 7.diana v 8.costin v 9.simona < 10.luiza v 11.mihnea > 12.razvan v 13.andrei v 14.alex < 15.viorel v 16.jonah v 17.minahil v 18.terri v 19.maddox > 20.parkinson >> 21.saxon > 22.thatcher >> 23.bertha ^ 24.yassin ^ 25.trystan ^ 26.jon ^ 27.maria ^ 28.pepega ^ 29.gigel > 30.elena
Length: 30
Cost: 20
Time: 5770
Max nodes: 9
Total nodes: 175
---------------------------------------------------
